Build started 18-12-2013 12:55:49.
     1>Project "C:\Users\Tiago\Documents\FEUP\3º Ano\1º Semestre\LAIG\Trabalho 3\LAIG3_T1_G07\LAIG\LAIG3_T1_G07\CGFexample.vcxproj" on node 2 (build target(s)).
     1>InitializeBuildStatus:
         Creating "..\buildtemp\CGFexample\CGFexample.unsuccessfulbuild" because "AlwaysCreate" was specified.
       ClCompile:
         c:\Program Files (x86)\Microsoft Visual Studio 10.0\VC\bin\CL.exe /c /ZI /nologo /W3 /WX- /Od /Oy- /D _MBCS /Gm /EHsc /RTC1 /MDd /GS /fp:precise /Zc:wchar_t /Zc:forScope /Fo"..\buildtemp\CGFexample\\" /Fd"..\buildtemp\CGFexample\vc100.pdb" /Gd /TP /analyze- /errorReport:prompt src\Data.cpp src\MyRectangle.cpp src\Patch.cpp src\Plane.cpp src\Triangle.cpp src\Vehicle.cpp src\Waterline.cpp src\YAFScene.cpp src\YAFinterface.cpp src\main.cpp src\myClock.cpp src\myClockHand.cpp
         Data.cpp
         Generating Code...
         Compiling...
         YAFinterface.cpp
     1>c:\users\tiago\documents\feup\3º ano\1º semestre\laig\trabalho 3\laig3_t1_g07\laig\laig3_t1_g07\src\yafinterface.cpp(102): warning C4018: '<' : signed/unsigned mismatch
     1>c:\users\tiago\documents\feup\3º ano\1º semestre\laig\trabalho 3\laig3_t1_g07\laig\laig3_t1_g07\src\yafinterface.cpp(129): warning C4018: '<' : signed/unsigned mismatch
     1>c:\users\tiago\documents\feup\3º ano\1º semestre\laig\trabalho 3\laig3_t1_g07\laig\laig3_t1_g07\src\yafinterface.cpp(130): warning C4996: 'strcpy': This function or variable may be unsafe. Consider using strcpy_s instead. To disable deprecation, use _CRT_SECURE_NO_WARNINGS. See online help for details.
                 c:\program files (x86)\microsoft visual studio 10.0\vc\include\string.h(105) : see declaration of 'strcpy'
     1>c:\users\tiago\documents\feup\3º ano\1º semestre\laig\trabalho 3\laig3_t1_g07\laig\laig3_t1_g07\src\yafinterface.cpp(180): warning C4996: 'strcpy': This function or variable may be unsafe. Consider using strcpy_s instead. To disable deprecation, use _CRT_SECURE_NO_WARNINGS. See online help for details.
                 c:\program files (x86)\microsoft visual studio 10.0\vc\include\string.h(105) : see declaration of 'strcpy'
         YAFScene.cpp
     1>c:\users\tiago\documents\feup\3º ano\1º semestre\laig\trabalho 3\laig3_t1_g07\laig\laig3_t1_g07\src\yafscene.cpp(517): warning C4101: 'angle' : unreferenced local variable
     1>c:\users\tiago\documents\feup\3º ano\1º semestre\laig\trabalho 3\laig3_t1_g07\laig\laig3_t1_g07\src\yafscene.cpp(801): warning C4996: 'sscanf': This function or variable may be unsafe. Consider using sscanf_s instead. To disable deprecation, use _CRT_SECURE_NO_WARNINGS. See online help for details.
                 c:\program files (x86)\microsoft visual studio 10.0\vc\include\stdio.h(325) : see declaration of 'sscanf'
     1>c:\users\tiago\documents\feup\3º ano\1º semestre\laig\trabalho 3\laig3_t1_g07\laig\laig3_t1_g07\src\yafscene.cpp(842): warning C4996: 'sscanf': This function or variable may be unsafe. Consider using sscanf_s instead. To disable deprecation, use _CRT_SECURE_NO_WARNINGS. See online help for details.
                 c:\program files (x86)\microsoft visual studio 10.0\vc\include\stdio.h(325) : see declaration of 'sscanf'
     1>c:\users\tiago\documents\feup\3º ano\1º semestre\laig\trabalho 3\laig3_t1_g07\laig\laig3_t1_g07\src\yafscene.cpp(921): warning C4996: 'sscanf': This function or variable may be unsafe. Consider using sscanf_s instead. To disable deprecation, use _CRT_SECURE_NO_WARNINGS. See online help for details.
                 c:\program files (x86)\microsoft visual studio 10.0\vc\include\stdio.h(325) : see declaration of 'sscanf'
     1>c:\users\tiago\documents\feup\3º ano\1º semestre\laig\trabalho 3\laig3_t1_g07\laig\laig3_t1_g07\src\yafscene.cpp(948): warning C4996: 'sscanf': This function or variable may be unsafe. Consider using sscanf_s instead. To disable deprecation, use _CRT_SECURE_NO_WARNINGS. See online help for details.
                 c:\program files (x86)\microsoft visual studio 10.0\vc\include\stdio.h(325) : see declaration of 'sscanf'
     1>c:\users\tiago\documents\feup\3º ano\1º semestre\laig\trabalho 3\laig3_t1_g07\laig\laig3_t1_g07\src\yafscene.cpp(1091): warning C4101: 'compute1' : unreferenced local variable
     1>c:\users\tiago\documents\feup\3º ano\1º semestre\laig\trabalho 3\laig3_t1_g07\laig\laig3_t1_g07\src\yafscene.cpp(1281): warning C4996: 'sscanf': This function or variable may be unsafe. Consider using sscanf_s instead. To disable deprecation, use _CRT_SECURE_NO_WARNINGS. See online help for details.
                 c:\program files (x86)\microsoft visual studio 10.0\vc\include\stdio.h(325) : see declaration of 'sscanf'
     1>c:\users\tiago\documents\feup\3º ano\1º semestre\laig\trabalho 3\laig3_t1_g07\laig\laig3_t1_g07\src\yafscene.cpp(1287): warning C4996: 'sscanf': This function or variable may be unsafe. Consider using sscanf_s instead. To disable deprecation, use _CRT_SECURE_NO_WARNINGS. See online help for details.
                 c:\program files (x86)\microsoft visual studio 10.0\vc\include\stdio.h(325) : see declaration of 'sscanf'
     1>c:\users\tiago\documents\feup\3º ano\1º semestre\laig\trabalho 3\laig3_t1_g07\laig\laig3_t1_g07\src\yafscene.cpp(1292): warning C4996: 'sscanf': This function or variable may be unsafe. Consider using sscanf_s instead. To disable deprecation, use _CRT_SECURE_NO_WARNINGS. See online help for details.
                 c:\program files (x86)\microsoft visual studio 10.0\vc\include\stdio.h(325) : see declaration of 'sscanf'
         Triangle.cpp
         Plane.cpp
         Patch.cpp
         MyRectangle.cpp
         Generating Code...
     1>c:\users\tiago\documents\feup\3º ano\1º semestre\laig\trabalho 3\laig3_t1_g07\laig\laig3_t1_g07\src\yafscene.cpp(75): warning C4715: 'YAFScene::readYaf' : not all control paths return a value
         Skipping... (no relevant changes detected)
         myClockHand.cpp
         myClock.cpp
         main.cpp
         Waterline.cpp
         Vehicle.cpp
       Link:
         c:\Program Files (x86)\Microsoft Visual Studio 10.0\VC\bin\link.exe /ERRORREPORT:PROMPT /OUT:"bin\CGFexample.exe" /NOLOGO glew32.lib CGFlib.lib kernel32.lib user32.lib gdi32.lib winspool.lib comdlg32.lib advapi32.lib shell32.lib ole32.lib oleaut32.lib uuid.lib odbc32.lib odbccp32.lib kernel32.lib user32.lib gdi32.lib winspool.lib comdlg32.lib advapi32.lib shell32.lib ole32.lib oleaut32.lib uuid.lib odbc32.lib odbccp32.lib tinyxml.lib ws2_32.lib /NODEFAULTLIB:LIBCMT.lib /MANIFEST /ManifestFile:"..\buildtemp\CGFexample\CGFexample.exe.intermediate.manifest" /MANIFESTUAC:"level='asInvoker' uiAccess='false'" /DEBUG /PDB:"C:\Users\Tiago\Documents\FEUP\3º Ano\1º Semestre\LAIG\Trabalho 3\LAIG3_T1_G07\LAIG\LAIG3_T1_G07\bin\CGFexample.pdb" /TLBID:1 /DYNAMICBASE /NXCOMPAT /IMPLIB:"bin\CGFexample.lib" /MACHINE:X86 ..\buildtemp\CGFexample\Animation.obj
         ..\buildtemp\CGFexample\Board.obj
         ..\buildtemp\CGFexample\Cylinder.obj
         ..\buildtemp\CGFexample\Data.obj
         ..\buildtemp\CGFexample\LinearAnimation.obj
         ..\buildtemp\CGFexample\main.obj
         ..\buildtemp\CGFexample\MyAppearance.obj
         ..\buildtemp\CGFexample\myClock.obj
         ..\buildtemp\CGFexample\myClockHand.obj
         ..\buildtemp\CGFexample\MyLight.obj
         ..\buildtemp\CGFexample\MyOrthogonalCamera.obj
         ..\buildtemp\CGFexample\MyPerspectiveCamera.obj
         ..\buildtemp\CGFexample\MyRectangle.obj
         ..\buildtemp\CGFexample\Node.obj
         ..\buildtemp\CGFexample\Omnilight.obj
         ..\buildtemp\CGFexample\Patch.obj
         ..\buildtemp\CGFexample\Piece.obj
         ..\buildtemp\CGFexample\PieceCircle.obj
         ..\buildtemp\CGFexample\PieceSquare.obj
         ..\buildtemp\CGFexample\Plane.obj
         ..\buildtemp\CGFexample\Socket.obj
         ..\buildtemp\CGFexample\Sphere.obj
         ..\buildtemp\CGFexample\SpotLight.obj
         ..\buildtemp\CGFexample\SurfaceNormal.obj
         ..\buildtemp\CGFexample\Torus.obj
         ..\buildtemp\CGFexample\Triangle.obj
         ..\buildtemp\CGFexample\MyShader.obj
         ..\buildtemp\CGFexample\Vehicle.obj
         ..\buildtemp\CGFexample\Waterline.obj
         ..\buildtemp\CGFexample\YAFinterface.obj
         ..\buildtemp\CGFexample\YAFScene.obj
         LINK : bin\CGFexample.exe not found or not built by the last incremental link; performing full link
     1>CGFlib.lib(CGFappearance.obj) : warning LNK4099: PDB 'vc100.pdb' was not found with 'CGFlib.lib(CGFappearance.obj)' or at 'C:\Users\Tiago\Documents\FEUP\3º Ano\1º Semestre\LAIG\Trabalho 3\LAIG3_T1_G07\LAIG\LAIG3_T1_G07\bin\vc100.pdb'; linking object as if no debug info
     1>CGFlib.lib(CGFapplication.obj) : warning LNK4099: PDB 'vc100.pdb' was not found with 'CGFlib.lib(CGFapplication.obj)' or at 'C:\Users\Tiago\Documents\FEUP\3º Ano\1º Semestre\LAIG\Trabalho 3\LAIG3_T1_G07\LAIG\LAIG3_T1_G07\bin\vc100.pdb'; linking object as if no debug info
     1>CGFlib.lib(CGFaxis.obj) : warning LNK4099: PDB 'vc100.pdb' was not found with 'CGFlib.lib(CGFaxis.obj)' or at 'C:\Users\Tiago\Documents\FEUP\3º Ano\1º Semestre\LAIG\Trabalho 3\LAIG3_T1_G07\LAIG\LAIG3_T1_G07\bin\vc100.pdb'; linking object as if no debug info
     1>CGFlib.lib(CGFcamera.obj) : warning LNK4099: PDB 'vc100.pdb' was not found with 'CGFlib.lib(CGFcamera.obj)' or at 'C:\Users\Tiago\Documents\FEUP\3º Ano\1º Semestre\LAIG\Trabalho 3\LAIG3_T1_G07\LAIG\LAIG3_T1_G07\bin\vc100.pdb'; linking object as if no debug info
     1>CGFlib.lib(CGFinterface.obj) : warning LNK4099: PDB 'vc100.pdb' was not found with 'CGFlib.lib(CGFinterface.obj)' or at 'C:\Users\Tiago\Documents\FEUP\3º Ano\1º Semestre\LAIG\Trabalho 3\LAIG3_T1_G07\LAIG\LAIG3_T1_G07\bin\vc100.pdb'; linking object as if no debug info
     1>CGFlib.lib(CGFlight.obj) : warning LNK4099: PDB 'vc100.pdb' was not found with 'CGFlib.lib(CGFlight.obj)' or at 'C:\Users\Tiago\Documents\FEUP\3º Ano\1º Semestre\LAIG\Trabalho 3\LAIG3_T1_G07\LAIG\LAIG3_T1_G07\bin\vc100.pdb'; linking object as if no debug info
     1>CGFlib.lib(CGFobject.obj) : warning LNK4099: PDB 'vc100.pdb' was not found with 'CGFlib.lib(CGFobject.obj)' or at 'C:\Users\Tiago\Documents\FEUP\3º Ano\1º Semestre\LAIG\Trabalho 3\LAIG3_T1_G07\LAIG\LAIG3_T1_G07\bin\vc100.pdb'; linking object as if no debug info
     1>CGFlib.lib(CGFscene.obj) : warning LNK4099: PDB 'vc100.pdb' was not found with 'CGFlib.lib(CGFscene.obj)' or at 'C:\Users\Tiago\Documents\FEUP\3º Ano\1º Semestre\LAIG\Trabalho 3\LAIG3_T1_G07\LAIG\LAIG3_T1_G07\bin\vc100.pdb'; linking object as if no debug info
     1>CGFlib.lib(CGFshader.obj) : warning LNK4099: PDB 'vc100.pdb' was not found with 'CGFlib.lib(CGFshader.obj)' or at 'C:\Users\Tiago\Documents\FEUP\3º Ano\1º Semestre\LAIG\Trabalho 3\LAIG3_T1_G07\LAIG\LAIG3_T1_G07\bin\vc100.pdb'; linking object as if no debug info
     1>CGFlib.lib(CGFtexture.obj) : warning LNK4099: PDB 'vc100.pdb' was not found with 'CGFlib.lib(CGFtexture.obj)' or at 'C:\Users\Tiago\Documents\FEUP\3º Ano\1º Semestre\LAIG\Trabalho 3\LAIG3_T1_G07\LAIG\LAIG3_T1_G07\bin\vc100.pdb'; linking object as if no debug info
     1>CGFlib.lib(imagetools.obj) : warning LNK4099: PDB 'vc100.pdb' was not found with 'CGFlib.lib(imagetools.obj)' or at 'C:\Users\Tiago\Documents\FEUP\3º Ano\1º Semestre\LAIG\Trabalho 3\LAIG3_T1_G07\LAIG\LAIG3_T1_G07\bin\vc100.pdb'; linking object as if no debug info
     1>CGFlib.lib(stb_image.obj) : warning LNK4099: PDB 'vc100.pdb' was not found with 'CGFlib.lib(stb_image.obj)' or at 'C:\Users\Tiago\Documents\FEUP\3º Ano\1º Semestre\LAIG\Trabalho 3\LAIG3_T1_G07\LAIG\LAIG3_T1_G07\bin\vc100.pdb'; linking object as if no debug info
     1>tinyxml.lib(tinystr.obj) : warning LNK4099: PDB 'vc100.pdb' was not found with 'tinyxml.lib(tinystr.obj)' or at 'C:\Users\Tiago\Documents\FEUP\3º Ano\1º Semestre\LAIG\Trabalho 3\LAIG3_T1_G07\LAIG\LAIG3_T1_G07\bin\vc100.pdb'; linking object as if no debug info
     1>tinyxml.lib(tinyxml.obj) : warning LNK4099: PDB 'vc100.pdb' was not found with 'tinyxml.lib(tinyxml.obj)' or at 'C:\Users\Tiago\Documents\FEUP\3º Ano\1º Semestre\LAIG\Trabalho 3\LAIG3_T1_G07\LAIG\LAIG3_T1_G07\bin\vc100.pdb'; linking object as if no debug info
     1>tinyxml.lib(tinyxmlerror.obj) : warning LNK4099: PDB 'vc100.pdb' was not found with 'tinyxml.lib(tinyxmlerror.obj)' or at 'C:\Users\Tiago\Documents\FEUP\3º Ano\1º Semestre\LAIG\Trabalho 3\LAIG3_T1_G07\LAIG\LAIG3_T1_G07\bin\vc100.pdb'; linking object as if no debug info
     1>tinyxml.lib(tinyxmlparser.obj) : warning LNK4099: PDB 'vc100.pdb' was not found with 'tinyxml.lib(tinyxmlparser.obj)' or at 'C:\Users\Tiago\Documents\FEUP\3º Ano\1º Semestre\LAIG\Trabalho 3\LAIG3_T1_G07\LAIG\LAIG3_T1_G07\bin\vc100.pdb'; linking object as if no debug info
         CGFexample.vcxproj -> C:\Users\Tiago\Documents\FEUP\3º Ano\1º Semestre\LAIG\Trabalho 3\LAIG3_T1_G07\LAIG\LAIG3_T1_G07\bin\CGFexample.exe
       Manifest:
         C:\Program Files (x86)\Microsoft SDKs\Windows\v7.0A\bin\mt.exe /nologo /verbose /outputresource:"bin\CGFexample.exe;#1" /manifest ..\buildtemp\CGFexample\CGFexample.exe.intermediate.manifest
       FinalizeBuildStatus:
         Deleting file "..\buildtemp\CGFexample\CGFexample.unsuccessfulbuild".
         Touching "..\buildtemp\CGFexample\CGFexample.lastbuildstate".
     1>Done Building Project "C:\Users\Tiago\Documents\FEUP\3º Ano\1º Semestre\LAIG\Trabalho 3\LAIG3_T1_G07\LAIG\LAIG3_T1_G07\CGFexample.vcxproj" (build target(s)).

Build succeeded.

Time Elapsed 00:00:29.21
